This is pdfTeX, Version 3.141592653-2.6-1.40.28 (TeX Live 2025) (preloaded format=pdflatex 2025.7.12)  14 JUL 2025 17:38
entering extended mode
 restricted \write18 enabled.
 %&-line parsing enabled.
**thesis.tex
(./thesis.tex
LaTeX2e <2025-06-01> patch level 1
L3 programming layer <2025-07-11>
(./CSUNthesis.cls
Document Class: CSUNthesis 2025
(/Users/robertjdellinger/Library/TinyTeX/texmf-dist/tex/latex/base/book.cls
Document Class: book 2025/01/22 v1.4n Standard LaTeX document class
(/Users/robertjdellinger/Library/TinyTeX/texmf-dist/tex/latex/base/bk12.clo
File: bk12.clo 2025/01/22 v1.4n Standard LaTeX file (size option)
)
\c@part=\count275
\c@chapter=\count276
\c@section=\count277
\c@subsection=\count278
\c@subsubsection=\count279
\c@paragraph=\count280
\c@subparagraph=\count281
\c@figure=\count282
\c@table=\count283
\abovecaptionskip=\skip49
\belowcaptionskip=\skip50
\bibindent=\dimen148
) (/Users/robertjdellinger/Library/TinyTeX/texmf-dist/tex/latex/etoolbox/etoolbox.sty
Package: etoolbox 2025/02/11 v2.5l e-TeX tools for LaTeX (JAW)
\etb@tempcnta=\count284
) (/Users/robertjdellinger/Library/TinyTeX/texmf-dist/tex/latex/geometry/geometry.sty
Package: geometry 2020/01/02 v5.9 Page Geometry
(/Users/robertjdellinger/Library/TinyTeX/texmf-dist/tex/latex/graphics/keyval.sty
Package: keyval 2022/05/29 v1.15 key=value parser (DPC)
\KV@toks@=\toks17
) (/Users/robertjdellinger/Library/TinyTeX/texmf-dist/tex/generic/iftex/ifvtex.sty
Package: ifvtex 2019/10/25 v1.7 ifvtex legacy package. Use iftex instead.
(/Users/robertjdellinger/Library/TinyTeX/texmf-dist/tex/generic/iftex/iftex.sty
Package: iftex 2024/12/12 v1.0g TeX engine tests
))
\Gm@cnth=\count285
\Gm@cntv=\count286
\c@Gm@tempcnt=\count287
\Gm@bindingoffset=\dimen149
\Gm@wd@mp=\dimen150
\Gm@odd@mp=\dimen151
\Gm@even@mp=\dimen152
\Gm@layoutwidth=\dimen153
\Gm@layoutheight=\dimen154
\Gm@layouthoffset=\dimen155
\Gm@layoutvoffset=\dimen156
\Gm@dimlist=\toks18
) (/Users/robertjdellinger/Library/TinyTeX/texmf-dist/tex/latex/tools/enumerate.sty
Package: enumerate 2023/07/04 v3.00 enumerate extensions (DPC)
\@enLab=\toks19
) (/Users/robertjdellinger/Library/TinyTeX/texmf-dist/tex/latex/ragged2e/ragged2e.sty
Package: ragged2e 2023/06/22 v3.6 ragged2e Package
\CenteringLeftskip=\skip51
\RaggedLeftLeftskip=\skip52
\RaggedRightLeftskip=\skip53
\CenteringRightskip=\skip54
\RaggedLeftRightskip=\skip55
\RaggedRightRightskip=\skip56
\CenteringParfillskip=\skip57
\RaggedLeftParfillskip=\skip58
\RaggedRightParfillskip=\skip59
\JustifyingParfillskip=\skip60
\CenteringParindent=\skip61
\RaggedLeftParindent=\skip62
\RaggedRightParindent=\skip63
\JustifyingParindent=\skip64
) (/Users/robertjdellinger/Library/TinyTeX/texmf-dist/tex/latex/microtype/microtype.sty
Package: microtype 2025/07/09 v3.2b Micro-typographical refinements (RS)
\MT@toks=\toks20
\MT@tempbox=\box53
\MT@count=\count288
LaTeX Info: Redefining \noprotrusionifhmode on input line 1087.
LaTeX Info: Redefining \leftprotrusion on input line 1088.
\MT@prot@toks=\toks21
LaTeX Info: Redefining \rightprotrusion on input line 1107.
LaTeX Info: Redefining \textls on input line 1449.
\MT@outer@kern=\dimen157
LaTeX Info: Redefining \microtypecontext on input line 2053.
LaTeX Info: Redefining \textmicrotypecontext on input line 2070.
\MT@listname@count=\count289
(/Users/robertjdellinger/Library/TinyTeX/texmf-dist/tex/latex/microtype/microtype-pdftex.def
File: microtype-pdftex.def 2025/07/09 v3.2b Definitions specific to pdftex (RS)
LaTeX Info: Redefining \lsstyle on input line 944.
LaTeX Info: Redefining \lslig on input line 944.
\MT@outer@space=\skip65
)
Package microtype Info: Loading configuration file microtype.cfg.
(/Users/robertjdellinger/Library/TinyTeX/texmf-dist/tex/latex/microtype/microtype.cfg
File: microtype.cfg 2025/07/09 v3.2b microtype main configuration file (RS)
)
LaTeX Info: Redefining \microtypesetup on input line 3065.
) (/Users/robertjdellinger/Library/TinyTeX/texmf-dist/tex/latex/graphics/graphicx.sty
Package: graphicx 2024/12/31 v1.2e Enhanced LaTeX Graphics (DPC,SPQR)
(/Users/robertjdellinger/Library/TinyTeX/texmf-dist/tex/latex/graphics/graphics.sty
Package: graphics 2024/08/06 v1.4g Standard LaTeX Graphics (DPC,SPQR)
(/Users/robertjdellinger/Library/TinyTeX/texmf-dist/tex/latex/graphics/trig.sty
Package: trig 2023/12/02 v1.11 sin cos tan (DPC)
) (/Users/robertjdellinger/Library/TinyTeX/texmf-dist/tex/latex/graphics-cfg/graphics.cfg
File: graphics.cfg 2016/06/04 v1.11 sample graphics configuration
)
Package graphics Info: Driver file: pdftex.def on input line 106.
(/Users/robertjdellinger/Library/TinyTeX/texmf-dist/tex/latex/graphics-def/pdftex.def
File: pdftex.def 2024/04/13 v1.2c Graphics/color driver for pdftex
))
\Gin@req@height=\dimen158
\Gin@req@width=\dimen159
) (/Users/robertjdellinger/Library/TinyTeX/texmf-dist/tex/latex/fancyhdr/fancyhdr.sty
Package: fancyhdr 2025/02/07 v5.2 Extensive control of page headers and footers
\f@nch@headwidth=\skip66
\f@nch@offset@elh=\skip67
\f@nch@offset@erh=\skip68
\f@nch@offset@olh=\skip69
\f@nch@offset@orh=\skip70
\f@nch@offset@elf=\skip71
\f@nch@offset@erf=\skip72
\f@nch@offset@olf=\skip73
\f@nch@offset@orf=\skip74
\f@nch@height=\skip75
\f@nch@footalignment=\skip76
\f@nch@widthL=\skip77
\f@nch@widthC=\skip78
\f@nch@widthR=\skip79
\@temptokenb=\toks22
) (/Users/robertjdellinger/Library/TinyTeX/texmf-dist/tex/latex/titlesec/titlesec.sty
Package: titlesec 2025/01/04 v2.17 Sectioning titles
\ttl@box=\box54
\beforetitleunit=\skip80
\aftertitleunit=\skip81
\ttl@plus=\dimen160
\ttl@minus=\dimen161
\ttl@toksa=\toks23
\titlewidth=\dimen162
\titlewidthlast=\dimen163
\titlewidthfirst=\dimen164
) (/Users/robertjdellinger/Library/TinyTeX/texmf-dist/tex/latex/titling/titling.sty
Package: titling 2009/09/04 v2.1d maketitle typesetting
\thanksmarkwidth=\skip82
\thanksmargin=\skip83
\droptitle=\skip84
) (/Users/robertjdellinger/Library/TinyTeX/texmf-dist/tex/latex/lettrine/lettrine.sty
File: lettrine.sty 2025-01-30 v2.80 (Daniel Flipo)
(/Users/robertjdellinger/Library/TinyTeX/texmf-dist/tex/latex/l3packages/xfp/xfp.sty (/Users/robertjdellinger/Library/TinyTeX/texmf-dist/tex/latex/l3kernel/expl3.sty
Package: expl3 2025-07-11 L3 programming layer (loader) 
(/Users/robertjdellinger/Library/TinyTeX/texmf-dist/tex/latex/l3backend/l3backend-pdftex.def
File: l3backend-pdftex.def 2025-06-09 L3 backend support: PDF output (pdfTeX)
\l__color_backend_stack_int=\count290
))
Package: xfp 2024-08-16 L3 Floating point unit
)
\c@DefaultLines=\count291
\c@DefaultDepth=\count292
\DefaultFindent=\dimen165
\DefaultNindent=\dimen166
\DefaultSlope=\dimen167
\DiscardVskip=\dimen168
\L@lettrine=\box55
\L@lbox=\box56
\L@tbox=\box57
\c@L@lines=\count293
\c@L@depth=\count294
\L@Pindent=\dimen169
\L@Findent=\dimen170
\L@Nindent=\dimen171
\L@lraise=\dimen172
\L@first=\dimen173
\L@next=\dimen174
\L@slope=\dimen175
\L@height=\dimen176
\L@novskip=\dimen177
\L@target@ht=\dimen178
\L@target@dp=\dimen179
\L@target@tht=\dimen180
\LettrineWidth=\dimen181
\LettrineHeight=\dimen182
\LettrineDepth=\dimen183
\L@finalht=\dimen184
\L@finaldp=\dimen185
Loading lettrine.cfg
(/Users/robertjdellinger/Library/TinyTeX/texmf-dist/tex/latex/lettrine/lettrine.cfg)
\Lettrine@tweaks=\toks24
\Llist@everypar=\toks25
) (/Users/robertjdellinger/Library/TinyTeX/texmf-dist/tex/latex/tools/verbatim.sty
Package: verbatim 2024-01-22 v1.5x LaTeX2e package for verbatim enhancements
\every@verbatim=\toks26
\verbatim@line=\toks27
\verbatim@in@stream=\read2
) (/Users/robertjdellinger/Library/TinyTeX/texmf-dist/tex/latex/pdfpages/pdfpages.sty
Package: pdfpages 2025/03/12 v0.6f Insert pages of external PDF documents (AM)
(/Users/robertjdellinger/Library/TinyTeX/texmf-dist/tex/latex/base/ifthen.sty
Package: ifthen 2024/03/16 v1.1e Standard LaTeX ifthen package (DPC)
) (/Users/robertjdellinger/Library/TinyTeX/texmf-dist/tex/latex/tools/calc.sty
Package: calc 2025/03/01 v4.3b Infix arithmetic (KKT,FJ)
\calc@Acount=\count295
\calc@Bcount=\count296
\calc@Adimen=\dimen186
\calc@Bdimen=\dimen187
\calc@Askip=\skip85
\calc@Bskip=\skip86
LaTeX Info: Redefining \setlength on input line 86.
LaTeX Info: Redefining \addtolength on input line 87.
\calc@Ccount=\count297
\calc@Cskip=\skip87
) (/Users/robertjdellinger/Library/TinyTeX/texmf-dist/tex/latex/eso-pic/eso-pic.sty
Package: eso-pic 2023/05/03 v3.0c eso-pic (RN)
\ESO@tempdima=\dimen188
\ESO@tempdimb=\dimen189
(/Users/robertjdellinger/Library/TinyTeX/texmf-dist/tex/latex/xcolor/xcolor.sty
Package: xcolor 2024/09/29 v3.02 LaTeX color extensions (UK)
(/Users/robertjdellinger/Library/TinyTeX/texmf-dist/tex/latex/graphics-cfg/color.cfg
File: color.cfg 2016/01/02 v1.6 sample color configuration
)
Package xcolor Info: Driver file: pdftex.def on input line 274.
(/Users/robertjdellinger/Library/TinyTeX/texmf-dist/tex/latex/graphics/mathcolor.ltx)
Package xcolor Info: Model `cmy' substituted by `cmy0' on input line 1349.
Package xcolor Info: Model `hsb' substituted by `rgb' on input line 1353.
Package xcolor Info: Model `RGB' extended on input line 1365.
Package xcolor Info: Model `HTML' substituted by `rgb' on input line 1367.
Package xcolor Info: Model `Hsb' substituted by `hsb' on input line 1368.
Package xcolor Info: Model `tHsb' substituted by `hsb' on input line 1369.
Package xcolor Info: Model `HSB' substituted by `hsb' on input line 1370.
Package xcolor Info: Model `Gray' substituted by `gray' on input line 1371.
Package xcolor Info: Model `wave' substituted by `hsb' on input line 1372.
))
\AM@pagewidth=\dimen190
\AM@pageheight=\dimen191
\AM@fboxrule=\dimen192
(/Users/robertjdellinger/Library/TinyTeX/texmf-dist/tex/latex/pdfpages/pppdftex.def
File: pppdftex.def 2025/03/12 v0.6f Pdfpages driver for pdfTeX (AM)
)
\pdfpages@includegraphics@status=\count298
\AM@pagebox=\box58
\AM@global@opts=\toks28
\AM@pagecnt=\count299
\AM@toc@title=\toks29
\AM@lof@heading=\toks30
\c@AM@survey=\count300
\AM@templatesizebox=\box59
) (/Users/robertjdellinger/Library/TinyTeX/texmf-dist/tex/latex/amsmath/amsmath.sty
Package: amsmath 2025/06/16 v2.17y AMS math features
\@mathmargin=\skip88
For additional information on amsmath, use the `?' option.
(/Users/robertjdellinger/Library/TinyTeX/texmf-dist/tex/latex/amsmath/amstext.sty
Package: amstext 2024/11/17 v2.01 AMS text
(/Users/robertjdellinger/Library/TinyTeX/texmf-dist/tex/latex/amsmath/amsgen.sty
File: amsgen.sty 1999/11/30 v2.0 generic functions
\@emptytoks=\toks31
\ex@=\dimen193
)) (/Users/robertjdellinger/Library/TinyTeX/texmf-dist/tex/latex/amsmath/amsbsy.sty
Package: amsbsy 1999/11/29 v1.2d Bold Symbols
\pmbraise@=\dimen194
) (/Users/robertjdellinger/Library/TinyTeX/texmf-dist/tex/latex/amsmath/amsopn.sty
Package: amsopn 2022/04/08 v2.04 operator names
)
\inf@bad=\count301
LaTeX Info: Redefining \frac on input line 233.
\uproot@=\count302
\leftroot@=\count303
LaTeX Info: Redefining \overline on input line 398.
LaTeX Info: Redefining \colon on input line 409.
\classnum@=\count304
\DOTSCASE@=\count305
LaTeX Info: Redefining \ldots on input line 495.
LaTeX Info: Redefining \dots on input line 498.
LaTeX Info: Redefining \cdots on input line 619.
\Mathstrutbox@=\box60
\strutbox@=\box61
LaTeX Info: Redefining \big on input line 721.
LaTeX Info: Redefining \Big on input line 722.
LaTeX Info: Redefining \bigg on input line 723.
LaTeX Info: Redefining \Bigg on input line 724.
\big@size=\dimen195
LaTeX Font Info:    Redeclaring font encoding OML on input line 742.
LaTeX Font Info:    Redeclaring font encoding OMS on input line 743.
\macc@depth=\count306
LaTeX Info: Redefining \bmod on input line 904.
LaTeX Info: Redefining \pmod on input line 909.
LaTeX Info: Redefining \smash on input line 939.
LaTeX Info: Redefining \relbar on input line 969.
LaTeX Info: Redefining \Relbar on input line 970.
\c@MaxMatrixCols=\count307
\dotsspace@=\muskip17
\c@parentequation=\count308
\dspbrk@lvl=\count309
\tag@help=\toks32
\row@=\count310
\column@=\count311
\maxfields@=\count312
\andhelp@=\toks33
\eqnshift@=\dimen196
\alignsep@=\dimen197
\tagshift@=\dimen198
\tagwidth@=\dimen199
\totwidth@=\dimen256
\lineht@=\dimen257
\@envbody=\toks34
\multlinegap=\skip89
\multlinetaggap=\skip90
\mathdisplay@stack=\toks35
LaTeX Info: Redefining \[ on input line 2949.
LaTeX Info: Redefining \] on input line 2950.
) (/Users/robertjdellinger/Library/TinyTeX/texmf-dist/tex/latex/amsfonts/amssymb.sty
Package: amssymb 2013/01/14 v3.01 AMS font symbols
(/Users/robertjdellinger/Library/TinyTeX/texmf-dist/tex/latex/amsfonts/amsfonts.sty
Package: amsfonts 2013/01/14 v3.01 Basic AMSFonts support
\symAMSa=\mathgroup4
\symAMSb=\mathgroup5
LaTeX Font Info:    Redeclaring math symbol \hbar on input line 98.
LaTeX Font Info:    Overwriting math alphabet `\mathfrak' in version `bold'
(Font)                  U/euf/m/n --> U/euf/b/n on input line 106.
)) (/Users/robertjdellinger/Library/TinyTeX/texmf-dist/tex/latex/amscls/amsthm.sty
Package: amsthm 2020/05/29 v2.20.6
\thm@style=\toks36
\thm@bodyfont=\toks37
\thm@headfont=\toks38
\thm@notefont=\toks39
\thm@headpunct=\toks40
\thm@preskip=\skip91
\thm@postskip=\skip92
\thm@headsep=\skip93
\dth@everypar=\toks41
) (/Users/robertjdellinger/Library/TinyTeX/texmf-dist/tex/latex/jknapltx/mathrsfs.sty
Package: mathrsfs 1996/01/01 Math RSFS package v1.0 (jk)
\symrsfs=\mathgroup6
) (/Users/robertjdellinger/Library/TinyTeX/texmf-dist/tex/latex/amsmath/amscd.sty
Package: amscd 2017/04/14 v2.1 AMS Commutative Diagrams
\athelp@=\toks42
\minaw@=\dimen258
\bigaw@=\dimen259
\minCDarrowwidth=\dimen260
) (/Users/robertjdellinger/Library/TinyTeX/texmf-dist/tex/latex/mathtools/mathtools.sty
Package: mathtools 2024/10/04 v1.31 mathematical typesetting tools
(/Users/robertjdellinger/Library/TinyTeX/texmf-dist/tex/latex/mathtools/mhsetup.sty
Package: mhsetup 2021/03/18 v1.4 programming setup (MH)
)
\g_MT_multlinerow_int=\count313
\l_MT_multwidth_dim=\dimen261
\origjot=\skip94
\l_MT_shortvdotswithinadjustabove_dim=\dimen262
\l_MT_shortvdotswithinadjustbelow_dim=\dimen263
\l_MT_above_intertext_sep=\dimen264
\l_MT_below_intertext_sep=\dimen265
\l_MT_above_shortintertext_sep=\dimen266
\l_MT_below_shortintertext_sep=\dimen267
\xmathstrut@box=\box62
\xmathstrut@dim=\dimen268
) (/Users/robertjdellinger/Library/TinyTeX/texmf-dist/tex/latex/caption/caption.sty
Package: caption 2023/08/05 v3.6o Customizing captions (AR)
(/Users/robertjdellinger/Library/TinyTeX/texmf-dist/tex/latex/caption/caption3.sty
Package: caption3 2023/07/31 v2.4d caption3 kernel (AR)
\caption@tempdima=\dimen269
\captionmargin=\dimen270
\caption@leftmargin=\dimen271
\caption@rightmargin=\dimen272
\caption@width=\dimen273
\caption@indent=\dimen274
\caption@parindent=\dimen275
\caption@hangindent=\dimen276
Package caption Info: Standard document class detected.
)
Package caption Info: Option `figurewithin=chapter' requires the `newfloat' package on input line 172.
(/Users/robertjdellinger/Library/TinyTeX/texmf-dist/tex/latex/newfloat/newfloat.sty
Package: newfloat 2023/10/01 v1.2 Defining new floating environments (AR)
Package newfloat Info: Document class `book' detected (original).
)
\c@caption@flags=\count314
\c@continuedfloat=\count315
) (/Users/robertjdellinger/Library/TinyTeX/texmf-dist/tex/latex/float/float.sty
Package: float 2001/11/08 v1.3d Float enhancements (AL)
\c@float@type=\count316
\float@exts=\toks43
\float@box=\box63
\@float@everytoks=\toks44
\@floatcapt=\box64
) (/Users/robertjdellinger/Library/TinyTeX/texmf-dist/tex/latex/chngcntr/chngcntr.sty
Package: chngcntr 2018/04/09 v1.1a change counter resetting
Package chngcntr Info: \counterwithout already defined.
(chngcntr)             Quitting chngcntr on input line 21.
) (/Users/robertjdellinger/Library/TinyTeX/texmf-dist/tex/latex/tocloft/tocloft.sty
Package: tocloft 2017/08/31 v2.3i parameterised ToC, etc., typesetting
Package tocloft Info: The document has chapter divisions on input line 51.
\cftparskip=\skip95
\cftbeforetoctitleskip=\skip96
\cftaftertoctitleskip=\skip97
\cftbeforepartskip=\skip98
\cftpartnumwidth=\skip99
\cftpartindent=\skip100
\cftbeforechapskip=\skip101
\cftchapindent=\skip102
\cftchapnumwidth=\skip103
\cftbeforesecskip=\skip104
\cftsecindent=\skip105
\cftsecnumwidth=\skip106
\cftbeforesubsecskip=\skip107
\cftsubsecindent=\skip108
\cftsubsecnumwidth=\skip109
\cftbeforesubsubsecskip=\skip110
\cftsubsubsecindent=\skip111
\cftsubsubsecnumwidth=\skip112
\cftbeforeparaskip=\skip113
\cftparaindent=\skip114
\cftparanumwidth=\skip115
\cftbeforesubparaskip=\skip116
\cftsubparaindent=\skip117
\cftsubparanumwidth=\skip118
\cftbeforeloftitleskip=\skip119
\cftafterloftitleskip=\skip120
\cftbeforefigskip=\skip121
\cftfigindent=\skip122
\cftfignumwidth=\skip123
\c@lofdepth=\count317
\c@lotdepth=\count318
\cftbeforelottitleskip=\skip124
\cftafterlottitleskip=\skip125
\cftbeforetabskip=\skip126
\cfttabindent=\skip127
\cfttabnumwidth=\skip128
) (/Users/robertjdellinger/Library/TinyTeX/texmf-dist/tex/latex/appendix/appendix.sty
Package: appendix 2020/02/08 v1.2c extra appendix facilities
\c@@pps=\count319
\c@@ppsavesec=\count320
\c@@ppsaveapp=\count321
) (/Users/robertjdellinger/Library/TinyTeX/texmf-dist/tex/latex/natbib/natbib.sty
Package: natbib 2010/09/13 8.31b (PWD, AO)
\bibhang=\skip129
\bibsep=\skip130
LaTeX Info: Redefining \cite on input line 694.
\c@NAT@ctr=\count322
)
\mybibindent=\skip131
) (/Users/robertjdellinger/Library/TinyTeX/texmf-dist/tex/latex/parskip/parskip.sty
Package: parskip 2021-03-14 v2.0h non-zero parskip adjustments
(/Users/robertjdellinger/Library/TinyTeX/texmf-dist/tex/latex/kvoptions/kvoptions.sty
Package: kvoptions 2022-06-15 v3.15 Key value format for package options (HO)
(/Users/robertjdellinger/Library/TinyTeX/texmf-dist/tex/generic/ltxcmds/ltxcmds.sty
Package: ltxcmds 2023-12-04 v1.26 LaTeX kernel commands for general use (HO)
) (/Users/robertjdellinger/Library/TinyTeX/texmf-dist/tex/latex/kvsetkeys/kvsetkeys.sty
Package: kvsetkeys 2022-10-05 v1.19 Key value parser (HO)
)))
\cslhangindent=\skip132
\csllabelwidth=\skip133
(/Users/robertjdellinger/Library/TinyTeX/texmf-dist/tex/latex/hyperref/hyperref.sty
Package: hyperref 2025-07-12 v7.01o Hypertext links for LaTeX
(/Users/robertjdellinger/Library/TinyTeX/texmf-dist/tex/generic/kvdefinekeys/kvdefinekeys.sty
Package: kvdefinekeys 2019-12-19 v1.6 Define keys (HO)
) (/Users/robertjdellinger/Library/TinyTeX/texmf-dist/tex/generic/pdfescape/pdfescape.sty
Package: pdfescape 2019/12/09 v1.15 Implements pdfTeX's escape features (HO)
(/Users/robertjdellinger/Library/TinyTeX/texmf-dist/tex/generic/pdftexcmds/pdftexcmds.sty
Package: pdftexcmds 2020-06-27 v0.33 Utility functions of pdfTeX for LuaTeX (HO)
(/Users/robertjdellinger/Library/TinyTeX/texmf-dist/tex/generic/infwarerr/infwarerr.sty
Package: infwarerr 2019/12/03 v1.5 Providing info/warning/error messages (HO)
)
Package pdftexcmds Info: \pdf@primitive is available.
Package pdftexcmds Info: \pdf@ifprimitive is available.
Package pdftexcmds Info: \pdfdraftmode found.
)) (/Users/robertjdellinger/Library/TinyTeX/texmf-dist/tex/latex/hycolor/hycolor.sty
Package: hycolor 2020-01-27 v1.10 Color options for hyperref/bookmark (HO)
) (/Users/robertjdellinger/Library/TinyTeX/texmf-dist/tex/latex/hyperref/nameref.sty
Package: nameref 2025-06-21 v2.57 Cross-referencing by name of section
(/Users/robertjdellinger/Library/TinyTeX/texmf-dist/tex/latex/refcount/refcount.sty
Package: refcount 2019/12/15 v3.6 Data extraction from label references (HO)
) (/Users/robertjdellinger/Library/TinyTeX/texmf-dist/tex/generic/gettitlestring/gettitlestring.sty
Package: gettitlestring 2019/12/15 v1.6 Cleanup title references (HO)
)
\c@section@level=\count323
) (/Users/robertjdellinger/Library/TinyTeX/texmf-dist/tex/generic/stringenc/stringenc.sty
Package: stringenc 2019/11/29 v1.12 Convert strings between diff. encodings (HO)
)
\@linkdim=\dimen277
\Hy@linkcounter=\count324
\Hy@pagecounter=\count325
(/Users/robertjdellinger/Library/TinyTeX/texmf-dist/tex/latex/hyperref/pd1enc.def
File: pd1enc.def 2025-07-12 v7.01o Hyperref: PDFDocEncoding definition (HO)
Now handling font encoding PD1 ...
... no UTF-8 mapping file for font encoding PD1
) (/Users/robertjdellinger/Library/TinyTeX/texmf-dist/tex/generic/intcalc/intcalc.sty
Package: intcalc 2019/12/15 v1.3 Expandable calculations with integers (HO)
)
\Hy@SavedSpaceFactor=\count326
(/Users/robertjdellinger/Library/TinyTeX/texmf-dist/tex/latex/hyperref/puenc.def
File: puenc.def 2025-07-12 v7.01o Hyperref: PDF Unicode definition (HO)
Now handling font encoding PU ...
... no UTF-8 mapping file for font encoding PU
)
Package hyperref Info: Option `bookmarks' set `true' on input line 4066.
Package hyperref Info: Option `colorlinks' set `true' on input line 4066.
Package hyperref Info: Option `pdfusetitle' set `true' on input line 4066.
Package hyperref Info: Hyper figures OFF on input line 4195.
Package hyperref Info: Link nesting OFF on input line 4200.
Package hyperref Info: Hyper index ON on input line 4203.
Package hyperref Info: Plain pages OFF on input line 4210.
Package hyperref Info: Backreferencing OFF on input line 4215.
Package hyperref Info: Implicit mode ON; LaTeX internals redefined.
Package hyperref Info: Bookmarks ON on input line 4462.
\c@Hy@tempcnt=\count327
(/Users/robertjdellinger/Library/TinyTeX/texmf-dist/tex/latex/url/url.sty
\Urlmuskip=\muskip18
Package: url 2013/09/16  ver 3.4  Verb mode for urls, etc.
)
LaTeX Info: Redefining \url on input line 4801.
\XeTeXLinkMargin=\dimen278
(/Users/robertjdellinger/Library/TinyTeX/texmf-dist/tex/generic/bitset/bitset.sty
Package: bitset 2019/12/09 v1.3 Handle bit-vector datatype (HO)
(/Users/robertjdellinger/Library/TinyTeX/texmf-dist/tex/generic/bigintcalc/bigintcalc.sty
Package: bigintcalc 2019/12/15 v1.5 Expandable calculations on big integers (HO)
))
\Fld@menulength=\count328
\Field@Width=\dimen279
\Fld@charsize=\dimen280
Package hyperref Info: Hyper figures OFF on input line 6078.
Package hyperref Info: Link nesting OFF on input line 6083.
Package hyperref Info: Hyper index ON on input line 6086.
Package hyperref Info: backreferencing OFF on input line 6093.
Package hyperref Info: Link coloring ON on input line 6096.
Package hyperref Info: Link coloring with OCG OFF on input line 6103.
Package hyperref Info: PDF/A mode OFF on input line 6108.
\Hy@abspage=\count329
\c@Item=\count330
\c@Hfootnote=\count331
)
Package hyperref Info: Driver (autodetected): hpdftex.
(/Users/robertjdellinger/Library/TinyTeX/texmf-dist/tex/latex/hyperref/hpdftex.def
File: hpdftex.def 2025-07-12 v7.01o Hyperref driver for pdfTeX
\Fld@listcount=\count332
\c@bookmark@seq@number=\count333
(/Users/robertjdellinger/Library/TinyTeX/texmf-dist/tex/latex/rerunfilecheck/rerunfilecheck.sty
Package: rerunfilecheck 2025-06-21 v1.11 Rerun checks for auxiliary files (HO)
(/Users/robertjdellinger/Library/TinyTeX/texmf-dist/tex/generic/uniquecounter/uniquecounter.sty
Package: uniquecounter 2019/12/15 v1.4 Provide unlimited unique counter (HO)
)
Package uniquecounter Info: New unique counter `rerunfilecheck' on input line 284.
)
\Hy@SectionHShift=\skip134
) (/Users/robertjdellinger/Library/TinyTeX/texmf-dist/tex/latex/psnfss/mathptmx.sty
Package: mathptmx 2020/03/25 PSNFSS-v9.3 Times w/ Math, improved (SPQR, WaS) 
LaTeX Font Info:    Redeclaring symbol font `operators' on input line 28.
LaTeX Font Info:    Overwriting symbol font `operators' in version `normal'
(Font)                  OT1/cmr/m/n --> OT1/ztmcm/m/n on input line 28.
LaTeX Font Info:    Overwriting symbol font `operators' in version `bold'
(Font)                  OT1/cmr/bx/n --> OT1/ztmcm/m/n on input line 28.
LaTeX Font Info:    Redeclaring symbol font `letters' on input line 29.
LaTeX Font Info:    Overwriting symbol font `letters' in version `normal'
(Font)                  OML/cmm/m/it --> OML/ztmcm/m/it on input line 29.
LaTeX Font Info:    Overwriting symbol font `letters' in version `bold'
(Font)                  OML/cmm/b/it --> OML/ztmcm/m/it on input line 29.
LaTeX Font Info:    Redeclaring symbol font `symbols' on input line 30.
LaTeX Font Info:    Overwriting symbol font `symbols' in version `normal'
(Font)                  OMS/cmsy/m/n --> OMS/ztmcm/m/n on input line 30.
LaTeX Font Info:    Overwriting symbol font `symbols' in version `bold'
(Font)                  OMS/cmsy/b/n --> OMS/ztmcm/m/n on input line 30.
LaTeX Font Info:    Redeclaring symbol font `largesymbols' on input line 31.
LaTeX Font Info:    Overwriting symbol font `largesymbols' in version `normal'
(Font)                  OMX/cmex/m/n --> OMX/ztmcm/m/n on input line 31.
LaTeX Font Info:    Overwriting symbol font `largesymbols' in version `bold'
(Font)                  OMX/cmex/m/n --> OMX/ztmcm/m/n on input line 31.
\symbold=\mathgroup7
\symitalic=\mathgroup8
LaTeX Font Info:    Redeclaring math alphabet \mathbf on input line 34.
LaTeX Font Info:    Overwriting math alphabet `\mathbf' in version `normal'
(Font)                  OT1/cmr/bx/n --> OT1/ptm/bx/n on input line 34.
LaTeX Font Info:    Overwriting math alphabet `\mathbf' in version `bold'
(Font)                  OT1/cmr/bx/n --> OT1/ptm/bx/n on input line 34.
LaTeX Font Info:    Redeclaring math alphabet \mathit on input line 35.
LaTeX Font Info:    Overwriting math alphabet `\mathit' in version `normal'
(Font)                  OT1/cmr/m/it --> OT1/ptm/m/it on input line 35.
LaTeX Font Info:    Overwriting math alphabet `\mathit' in version `bold'
(Font)                  OT1/cmr/bx/it --> OT1/ptm/m/it on input line 35.
LaTeX Info: Redefining \hbar on input line 50.
) (/Users/robertjdellinger/Library/TinyTeX/texmf-dist/tex/latex/lm/lmodern.sty
Package: lmodern 2015/05/01 v1.6.1 Latin Modern Fonts
LaTeX Font Info:    Overwriting symbol font `operators' in version `normal'
(Font)                  OT1/ztmcm/m/n --> OT1/lmr/m/n on input line 22.
LaTeX Font Info:    Overwriting symbol font `letters' in version `normal'
(Font)                  OML/ztmcm/m/it --> OML/lmm/m/it on input line 23.
LaTeX Font Info:    Overwriting symbol font `symbols' in version `normal'
(Font)                  OMS/ztmcm/m/n --> OMS/lmsy/m/n on input line 24.
LaTeX Font Info:    Overwriting symbol font `largesymbols' in version `normal'
(Font)                  OMX/ztmcm/m/n --> OMX/lmex/m/n on input line 25.
LaTeX Font Info:    Overwriting symbol font `operators' in version `bold'
(Font)                  OT1/ztmcm/m/n --> OT1/lmr/bx/n on input line 26.
LaTeX Font Info:    Overwriting symbol font `letters' in version `bold'
(Font)                  OML/ztmcm/m/it --> OML/lmm/b/it on input line 27.
LaTeX Font Info:    Overwriting symbol font `symbols' in version `bold'
(Font)                  OMS/ztmcm/m/n --> OMS/lmsy/b/n on input line 28.
LaTeX Font Info:    Overwriting symbol font `largesymbols' in version `bold'
(Font)                  OMX/ztmcm/m/n --> OMX/lmex/m/n on input line 29.
LaTeX Font Info:    Overwriting math alphabet `\mathbf' in version `normal'
(Font)                  OT1/ptm/bx/n --> OT1/lmr/bx/n on input line 31.
LaTeX Font Info:    Overwriting math alphabet `\mathsf' in version `normal'
(Font)                  OT1/cmss/m/n --> OT1/lmss/m/n on input line 32.
LaTeX Font Info:    Overwriting math alphabet `\mathit' in version `normal'
(Font)                  OT1/ptm/m/it --> OT1/lmr/m/it on input line 33.
LaTeX Font Info:    Overwriting math alphabet `\mathtt' in version `normal'
(Font)                  OT1/cmtt/m/n --> OT1/lmtt/m/n on input line 34.
LaTeX Font Info:    Overwriting math alphabet `\mathbf' in version `bold'
(Font)                  OT1/ptm/bx/n --> OT1/lmr/bx/n on input line 35.
LaTeX Font Info:    Overwriting math alphabet `\mathsf' in version `bold'
(Font)                  OT1/cmss/bx/n --> OT1/lmss/bx/n on input line 36.
LaTeX Font Info:    Overwriting math alphabet `\mathit' in version `bold'
(Font)                  OT1/ptm/m/it --> OT1/lmr/bx/it on input line 37.
LaTeX Font Info:    Overwriting math alphabet `\mathtt' in version `bold'
(Font)                  OT1/cmtt/m/n --> OT1/lmtt/m/n on input line 38.
) (/Users/robertjdellinger/Library/TinyTeX/texmf-dist/tex/latex/base/latexsym.sty
Package: latexsym 1998/08/17 v2.2e Standard LaTeX package (lasy symbols)
\symlasy=\mathgroup9
LaTeX Font Info:    Overwriting symbol font `lasy' in version `bold'
(Font)                  U/lasy/m/n --> U/lasy/b/n on input line 52.
) (/Users/robertjdellinger/Library/TinyTeX/texmf-dist/tex/latex/tools/array.sty
Package: array 2025/06/08 v2.6j Tabular extension package (FMi)
\col@sep=\dimen281
\ar@mcellbox=\box65
\extrarowheight=\dimen282
\NC@list=\toks45
\extratabsurround=\skip135
\backup@length=\skip136
\ar@cellbox=\box66
) (/Users/robertjdellinger/Library/TinyTeX/texmf-dist/tex/latex/booktabs/booktabs.sty
Package: booktabs 2020/01/12 v1.61803398 Publication quality tables
\heavyrulewidth=\dimen283
\lightrulewidth=\dimen284
\cmidrulewidth=\dimen285
\belowrulesep=\dimen286
\belowbottomsep=\dimen287
\aboverulesep=\dimen288
\abovetopsep=\dimen289
\cmidrulesep=\dimen290
\cmidrulekern=\dimen291
\defaultaddspace=\dimen292
\@cmidla=\count334
\@cmidlb=\count335
\@aboverulesep=\dimen293
\@belowrulesep=\dimen294
\@thisruleclass=\count336
\@lastruleclass=\count337
\@thisrulewidth=\dimen295
) (/Users/robertjdellinger/Library/TinyTeX/texmf-dist/tex/latex/tools/longtable.sty
Package: longtable 2024-12-18 v4.23 Multi-page Table package (DPC)
\LTleft=\skip137
\LTright=\skip138
\LTpre=\skip139
\LTpost=\skip140
\LTchunksize=\count338
\LTcapwidth=\dimen296
\LT@head=\box67
\LT@firsthead=\box68
\LT@foot=\box69
\LT@lastfoot=\box70
\LT@gbox=\box71
\LT@cols=\count339
\LT@rows=\count340
\c@LT@tables=\count341
\c@LT@chunks=\count342
\LT@p@ftn=\toks46
) (/Users/robertjdellinger/Library/TinyTeX/texmf-dist/tex/latex/multirow/multirow.sty
Package: multirow 2024/11/12 v2.9 Span multiple rows of a table
\multirow@colwidth=\skip141
\multirow@cntb=\count343
\multirow@dima=\skip142
\bigstrutjot=\dimen297
) (/Users/robertjdellinger/Library/TinyTeX/texmf-dist/tex/latex/makecell/makecell.sty
Package: makecell 2009/08/03 V0.1e Managing of Tab Column Heads and Cells
\rotheadsize=\dimen298
\c@nlinenum=\count344
\TeXr@lab=\toks47
) (/Users/robertjdellinger/Library/TinyTeX/texmf-dist/tex/latex/adjustbox/adjustbox.sty
Package: adjustbox 2025/02/26 v1.3c Adjusting TeX boxes (trim, clip, ...)
(/Users/robertjdellinger/Library/TinyTeX/texmf-dist/tex/latex/xkeyval/xkeyval.sty
Package: xkeyval 2022/06/16 v2.9 package option processing (HA)
(/Users/robertjdellinger/Library/TinyTeX/texmf-dist/tex/generic/xkeyval/xkeyval.tex (/Users/robertjdellinger/Library/TinyTeX/texmf-dist/tex/generic/xkeyval/xkvutils.tex
\XKV@toks=\toks48
\XKV@tempa@toks=\toks49
)
\XKV@depth=\count345
File: xkeyval.tex 2014/12/03 v2.7a key=value parser (HA)
)) (/Users/robertjdellinger/Library/TinyTeX/texmf-dist/tex/latex/adjustbox/adjcalc.sty
Package: adjcalc 2012/05/16 v1.1 Provides advanced setlength with multiple back-ends (calc, etex, pgfmath)
) (/Users/robertjdellinger/Library/TinyTeX/texmf-dist/tex/latex/adjustbox/trimclip.sty
Package: trimclip 2025/02/21 v1.2a Trim and clip general TeX material
(/Users/robertjdellinger/Library/TinyTeX/texmf-dist/tex/latex/collectbox/collectbox.sty
Package: collectbox 2022/10/17 v0.4c Collect macro arguments as boxes
\collectedbox=\box72
)
\tc@llx=\dimen299
\tc@lly=\dimen300
\tc@urx=\dimen301
\tc@ury=\dimen302
Package trimclip Info: Using driver 'tc-pdftex.def'.
(/Users/robertjdellinger/Library/TinyTeX/texmf-dist/tex/latex/adjustbox/tc-pdftex.def
File: tc-pdftex.def 2025/02/26 v2.3 Clipping driver for pdftex
))
\adjbox@Width=\dimen303
\adjbox@Height=\dimen304
\adjbox@Depth=\dimen305
\adjbox@Totalheight=\dimen306
\adjbox@pwidth=\dimen307
\adjbox@pheight=\dimen308
\adjbox@pdepth=\dimen309
\adjbox@ptotalheight=\dimen310
(/Users/robertjdellinger/Library/TinyTeX/texmf-dist/tex/latex/ifoddpage/ifoddpage.sty
Package: ifoddpage 2022/10/18 v1.2 Conditionals for odd/even page detection
\c@checkoddpage=\count346
) (/Users/robertjdellinger/Library/TinyTeX/texmf-dist/tex/latex/varwidth/varwidth.sty
Package: varwidth 2009/03/30 ver 0.92;  Variable-width minipages
\@vwid@box=\box73
\sift@deathcycles=\count347
\@vwid@loff=\dimen311
\@vwid@roff=\dimen312
)
==> First Aid for varwidth.sty applied!
) (/Users/robertjdellinger/Library/TinyTeX/texmf-dist/tex/latex/setspace/setspace.sty
Package: setspace 2022/12/04 v6.7b set line spacing
) (/Users/robertjdellinger/Library/TinyTeX/texmf-dist/tex/latex/tools/tabularx.sty
Package: tabularx 2023/12/11 v2.12a `tabularx' package (DPC)
\TX@col@width=\dimen313
\TX@old@table=\dimen314
\TX@old@col=\dimen315
\TX@target=\dimen316
\TX@delta=\dimen317
\TX@cols=\count348
\TX@ftn=\toks50
) (/Users/robertjdellinger/Library/TinyTeX/texmf-dist/tex/latex/pgf/frontendlayer/tikz.sty (/Users/robertjdellinger/Library/TinyTeX/texmf-dist/tex/latex/pgf/basiclayer/pgf.sty (/Users/robertjdellinger/Library/TinyTeX/texmf-dist/tex/latex/pgf/utilities/pgfrcs.sty (/Users/robertjdellinger/Library/TinyTeX/texmf-dist/tex/generic/pgf/utilities/pgfutil-common.tex
\pgfutil@everybye=\toks51
\pgfutil@tempdima=\dimen318
\pgfutil@tempdimb=\dimen319
) (/Users/robertjdellinger/Library/TinyTeX/texmf-dist/tex/generic/pgf/utilities/pgfutil-latex.def
\pgfutil@abb=\box74
) (/Users/robertjdellinger/Library/TinyTeX/texmf-dist/tex/generic/pgf/utilities/pgfrcs.code.tex (/Users/robertjdellinger/Library/TinyTeX/texmf-dist/tex/generic/pgf/pgf.revision.tex)
Package: pgfrcs 2023-01-15 v3.1.10 (3.1.10)
))
Package: pgf 2023-01-15 v3.1.10 (3.1.10)
(/Users/robertjdellinger/Library/TinyTeX/texmf-dist/tex/latex/pgf/basiclayer/pgfcore.sty (/Users/robertjdellinger/Library/TinyTeX/texmf-dist/tex/latex/pgf/systemlayer/pgfsys.sty (/Users/robertjdellinger/Library/TinyTeX/texmf-dist/tex/generic/pgf/systemlayer/pgfsys.code.tex
Package: pgfsys 2023-01-15 v3.1.10 (3.1.10)
(/Users/robertjdellinger/Library/TinyTeX/texmf-dist/tex/generic/pgf/utilities/pgfkeys.code.tex
\pgfkeys@pathtoks=\toks52
\pgfkeys@temptoks=\toks53
(/Users/robertjdellinger/Library/TinyTeX/texmf-dist/tex/generic/pgf/utilities/pgfkeyslibraryfiltered.code.tex
\pgfkeys@tmptoks=\toks54
))
\pgf@x=\dimen320
\pgf@y=\dimen321
\pgf@xa=\dimen322
\pgf@ya=\dimen323
\pgf@xb=\dimen324
\pgf@yb=\dimen325
\pgf@xc=\dimen326
\pgf@yc=\dimen327
\pgf@xd=\dimen328
\pgf@yd=\dimen329
\w@pgf@writea=\write3
\r@pgf@reada=\read3
\c@pgf@counta=\count349
\c@pgf@countb=\count350
\c@pgf@countc=\count351
\c@pgf@countd=\count352
\t@pgf@toka=\toks55
\t@pgf@tokb=\toks56
\t@pgf@tokc=\toks57
\pgf@sys@id@count=\count353
(/Users/robertjdellinger/Library/TinyTeX/texmf-dist/tex/generic/pgf/systemlayer/pgf.cfg
File: pgf.cfg 2023-01-15 v3.1.10 (3.1.10)
)
Driver file for pgf: pgfsys-pdftex.def
(/Users/robertjdellinger/Library/TinyTeX/texmf-dist/tex/generic/pgf/systemlayer/pgfsys-pdftex.def
File: pgfsys-pdftex.def 2023-01-15 v3.1.10 (3.1.10)
(/Users/robertjdellinger/Library/TinyTeX/texmf-dist/tex/generic/pgf/systemlayer/pgfsys-common-pdf.def
File: pgfsys-common-pdf.def 2023-01-15 v3.1.10 (3.1.10)
))) (/Users/robertjdellinger/Library/TinyTeX/texmf-dist/tex/generic/pgf/systemlayer/pgfsyssoftpath.code.tex
File: pgfsyssoftpath.code.tex 2023-01-15 v3.1.10 (3.1.10)
\pgfsyssoftpath@smallbuffer@items=\count354
\pgfsyssoftpath@bigbuffer@items=\count355
) (/Users/robertjdellinger/Library/TinyTeX/texmf-dist/tex/generic/pgf/systemlayer/pgfsysprotocol.code.tex
File: pgfsysprotocol.code.tex 2023-01-15 v3.1.10 (3.1.10)
)) (/Users/robertjdellinger/Library/TinyTeX/texmf-dist/tex/generic/pgf/basiclayer/pgfcore.code.tex
Package: pgfcore 2023-01-15 v3.1.10 (3.1.10)
(/Users/robertjdellinger/Library/TinyTeX/texmf-dist/tex/generic/pgf/math/pgfmath.code.tex (/Users/robertjdellinger/Library/TinyTeX/texmf-dist/tex/generic/pgf/math/pgfmathutil.code.tex) (/Users/robertjdellinger/Library/TinyTeX/texmf-dist/tex/generic/pgf/math/pgfmathparser.code.tex
\pgfmath@dimen=\dimen330
\pgfmath@count=\count356
\pgfmath@box=\box75
\pgfmath@toks=\toks58
\pgfmath@stack@operand=\toks59
\pgfmath@stack@operation=\toks60
) (/Users/robertjdellinger/Library/TinyTeX/texmf-dist/tex/generic/pgf/math/pgfmathfunctions.code.tex) (/Users/robertjdellinger/Library/TinyTeX/texmf-dist/tex/generic/pgf/math/pgfmathfunctions.basic.code.tex) (/Users/robertjdellinger/Library/TinyTeX/texmf-dist/tex/generic/pgf/math/pgfmathfunctions.trigonometric.code.tex) (/Users/robertjdellinger/Library/TinyTeX/texmf-dist/tex/generic/pgf/math/pgfmathfunctions.random.code.tex) (/Users/robertjdellinger/Library/TinyTeX/texmf-dist/tex/generic/pgf/math/pgfmathfunctions.comparison.code.tex) (/Users/robertjdellinger/Library/TinyTeX/texmf-dist/tex/generic/pgf/math/pgfmathfunctions.base.code.tex) (/Users/robertjdellinger/Library/TinyTeX/texmf-dist/tex/generic/pgf/math/pgfmathfunctions.round.code.tex) (/Users/robertjdellinger/Library/TinyTeX/texmf-dist/tex/generic/pgf/math/pgfmathfunctions.misc.code.tex) (/Users/robertjdellinger/Library/TinyTeX/texmf-dist/tex/generic/pgf/math/pgfmathfunctions.integerarithmetics.code.tex) (/Users/robertjdellinger/Library/TinyTeX/texmf-dist/tex/generic/pgf/math/pgfmathcalc.code.tex) (/Users/robertjdellinger/Library/TinyTeX/texmf-dist/tex/generic/pgf/math/pgfmathfloat.code.tex
\c@pgfmathroundto@lastzeros=\count357
)) (/Users/robertjdellinger/Library/TinyTeX/texmf-dist/tex/generic/pgf/math/pgfint.code.tex) (/Users/robertjdellinger/Library/TinyTeX/texmf-dist/tex/generic/pgf/basiclayer/pgfcorepoints.code.tex
File: pgfcorepoints.code.tex 2023-01-15 v3.1.10 (3.1.10)
\pgf@picminx=\dimen331
\pgf@picmaxx=\dimen332
\pgf@picminy=\dimen333
\pgf@picmaxy=\dimen334
\pgf@pathminx=\dimen335
\pgf@pathmaxx=\dimen336
\pgf@pathminy=\dimen337
\pgf@pathmaxy=\dimen338
\pgf@xx=\dimen339
\pgf@xy=\dimen340
\pgf@yx=\dimen341
\pgf@yy=\dimen342
\pgf@zx=\dimen343
\pgf@zy=\dimen344
) (/Users/robertjdellinger/Library/TinyTeX/texmf-dist/tex/generic/pgf/basiclayer/pgfcorepathconstruct.code.tex
File: pgfcorepathconstruct.code.tex 2023-01-15 v3.1.10 (3.1.10)
\pgf@path@lastx=\dimen345
\pgf@path@lasty=\dimen346
) (/Users/robertjdellinger/Library/TinyTeX/texmf-dist/tex/generic/pgf/basiclayer/pgfcorepathusage.code.tex
File: pgfcorepathusage.code.tex 2023-01-15 v3.1.10 (3.1.10)
\pgf@shorten@end@additional=\dimen347
\pgf@shorten@start@additional=\dimen348
) (/Users/robertjdellinger/Library/TinyTeX/texmf-dist/tex/generic/pgf/basiclayer/pgfcorescopes.code.tex
File: pgfcorescopes.code.tex 2023-01-15 v3.1.10 (3.1.10)
\pgfpic=\box76
\pgf@hbox=\box77
\pgf@layerbox@main=\box78
\pgf@picture@serial@count=\count358
) (/Users/robertjdellinger/Library/TinyTeX/texmf-dist/tex/generic/pgf/basiclayer/pgfcoregraphicstate.code.tex
File: pgfcoregraphicstate.code.tex 2023-01-15 v3.1.10 (3.1.10)
\pgflinewidth=\dimen349
) (/Users/robertjdellinger/Library/TinyTeX/texmf-dist/tex/generic/pgf/basiclayer/pgfcoretransformations.code.tex
File: pgfcoretransformations.code.tex 2023-01-15 v3.1.10 (3.1.10)
\pgf@pt@x=\dimen350
\pgf@pt@y=\dimen351
\pgf@pt@temp=\dimen352
) (/Users/robertjdellinger/Library/TinyTeX/texmf-dist/tex/generic/pgf/basiclayer/pgfcorequick.code.tex
File: pgfcorequick.code.tex 2023-01-15 v3.1.10 (3.1.10)
) (/Users/robertjdellinger/Library/TinyTeX/texmf-dist/tex/generic/pgf/basiclayer/pgfcoreobjects.code.tex
File: pgfcoreobjects.code.tex 2023-01-15 v3.1.10 (3.1.10)
) (/Users/robertjdellinger/Library/TinyTeX/texmf-dist/tex/generic/pgf/basiclayer/pgfcorepathprocessing.code.tex
File: pgfcorepathprocessing.code.tex 2023-01-15 v3.1.10 (3.1.10)
) (/Users/robertjdellinger/Library/TinyTeX/texmf-dist/tex/generic/pgf/basiclayer/pgfcorearrows.code.tex
File: pgfcorearrows.code.tex 2023-01-15 v3.1.10 (3.1.10)
\pgfarrowsep=\dimen353
) (/Users/robertjdellinger/Library/TinyTeX/texmf-dist/tex/generic/pgf/basiclayer/pgfcoreshade.code.tex
File: pgfcoreshade.code.tex 2023-01-15 v3.1.10 (3.1.10)
\pgf@max=\dimen354
\pgf@sys@shading@range@num=\count359
\pgf@shadingcount=\count360
) (/Users/robertjdellinger/Library/TinyTeX/texmf-dist/tex/generic/pgf/basiclayer/pgfcoreimage.code.tex
File: pgfcoreimage.code.tex 2023-01-15 v3.1.10 (3.1.10)
) (/Users/robertjdellinger/Library/TinyTeX/texmf-dist/tex/generic/pgf/basiclayer/pgfcoreexternal.code.tex
File: pgfcoreexternal.code.tex 2023-01-15 v3.1.10 (3.1.10)
\pgfexternal@startupbox=\box79
) (/Users/robertjdellinger/Library/TinyTeX/texmf-dist/tex/generic/pgf/basiclayer/pgfcorelayers.code.tex
File: pgfcorelayers.code.tex 2023-01-15 v3.1.10 (3.1.10)
) (/Users/robertjdellinger/Library/TinyTeX/texmf-dist/tex/generic/pgf/basiclayer/pgfcoretransparency.code.tex
File: pgfcoretransparency.code.tex 2023-01-15 v3.1.10 (3.1.10)
) (/Users/robertjdellinger/Library/TinyTeX/texmf-dist/tex/generic/pgf/basiclayer/pgfcorepatterns.code.tex
File: pgfcorepatterns.code.tex 2023-01-15 v3.1.10 (3.1.10)
) (/Users/robertjdellinger/Library/TinyTeX/texmf-dist/tex/generic/pgf/basiclayer/pgfcorerdf.code.tex
File: pgfcorerdf.code.tex 2023-01-15 v3.1.10 (3.1.10)
))) (/Users/robertjdellinger/Library/TinyTeX/texmf-dist/tex/generic/pgf/modules/pgfmoduleshapes.code.tex
File: pgfmoduleshapes.code.tex 2023-01-15 v3.1.10 (3.1.10)
\pgfnodeparttextbox=\box80
) (/Users/robertjdellinger/Library/TinyTeX/texmf-dist/tex/generic/pgf/modules/pgfmoduleplot.code.tex
File: pgfmoduleplot.code.tex 2023-01-15 v3.1.10 (3.1.10)
) (/Users/robertjdellinger/Library/TinyTeX/texmf-dist/tex/latex/pgf/compatibility/pgfcomp-version-0-65.sty
Package: pgfcomp-version-0-65 2023-01-15 v3.1.10 (3.1.10)
\pgf@nodesepstart=\dimen355
\pgf@nodesepend=\dimen356
) (/Users/robertjdellinger/Library/TinyTeX/texmf-dist/tex/latex/pgf/compatibility/pgfcomp-version-1-18.sty
Package: pgfcomp-version-1-18 2023-01-15 v3.1.10 (3.1.10)
)) (/Users/robertjdellinger/Library/TinyTeX/texmf-dist/tex/latex/pgf/utilities/pgffor.sty (/Users/robertjdellinger/Library/TinyTeX/texmf-dist/tex/latex/pgf/utilities/pgfkeys.sty (/Users/robertjdellinger/Library/TinyTeX/texmf-dist/tex/generic/pgf/utilities/pgfkeys.code.tex)) (/Users/robertjdellinger/Library/TinyTeX/texmf-dist/tex/latex/pgf/math/pgfmath.sty (/Users/robertjdellinger/Library/TinyTeX/texmf-dist/tex/generic/pgf/math/pgfmath.code.tex)) (/Users/robertjdellinger/Library/TinyTeX/texmf-dist/tex/generic/pgf/utilities/pgffor.code.tex
Package: pgffor 2023-01-15 v3.1.10 (3.1.10)
\pgffor@iter=\dimen357
\pgffor@skip=\dimen358
\pgffor@stack=\toks61
\pgffor@toks=\toks62
)) (/Users/robertjdellinger/Library/TinyTeX/texmf-dist/tex/generic/pgf/frontendlayer/tikz/tikz.code.tex
Package: tikz 2023-01-15 v3.1.10 (3.1.10)
(/Users/robertjdellinger/Library/TinyTeX/texmf-dist/tex/generic/pgf/libraries/pgflibraryplothandlers.code.tex
File: pgflibraryplothandlers.code.tex 2023-01-15 v3.1.10 (3.1.10)
\pgf@plot@mark@count=\count361
\pgfplotmarksize=\dimen359
)
\tikz@lastx=\dimen360
\tikz@lasty=\dimen361
\tikz@lastxsaved=\dimen362
\tikz@lastysaved=\dimen363
\tikz@lastmovetox=\dimen364
\tikz@lastmovetoy=\dimen365
\tikzleveldistance=\dimen366
\tikzsiblingdistance=\dimen367
\tikz@figbox=\box81
\tikz@figbox@bg=\box82
\tikz@tempbox=\box83
\tikz@tempbox@bg=\box84
\tikztreelevel=\count362
\tikznumberofchildren=\count363
\tikznumberofcurrentchild=\count364
\tikz@fig@count=\count365
(/Users/robertjdellinger/Library/TinyTeX/texmf-dist/tex/generic/pgf/modules/pgfmodulematrix.code.tex
File: pgfmodulematrix.code.tex 2023-01-15 v3.1.10 (3.1.10)
\pgfmatrixcurrentrow=\count366
\pgfmatrixcurrentcolumn=\count367
\pgf@matrix@numberofcolumns=\count368
)
\tikz@expandcount=\count369
(/Users/robertjdellinger/Library/TinyTeX/texmf-dist/tex/generic/pgf/frontendlayer/tikz/libraries/tikzlibrarytopaths.code.tex
File: tikzlibrarytopaths.code.tex 2023-01-15 v3.1.10 (3.1.10)
))) (/Users/robertjdellinger/Library/TinyTeX/texmf-dist/tex/latex/tikz-cd/tikz-cd.sty
Package: tikz-cd 2021/05/04 v1.0 Commutative diagrams with TikZ
(/Users/robertjdellinger/Library/TinyTeX/texmf-dist/tex/generic/tikz-cd/tikzlibrarycd.code.tex (/Users/robertjdellinger/Library/TinyTeX/texmf-dist/tex/generic/pgf/frontendlayer/tikz/libraries/tikzlibrarymatrix.code.tex
File: tikzlibrarymatrix.code.tex 2023-01-15 v3.1.10 (3.1.10)
) (/Users/robertjdellinger/Library/TinyTeX/texmf-dist/tex/generic/pgf/frontendlayer/tikz/libraries/tikzlibraryquotes.code.tex
File: tikzlibraryquotes.code.tex 2023-01-15 v3.1.10 (3.1.10)
) (/Users/robertjdellinger/Library/TinyTeX/texmf-dist/tex/generic/pgf/libraries/pgflibraryarrows.meta.code.tex
File: pgflibraryarrows.meta.code.tex 2023-01-15 v3.1.10 (3.1.10)
\pgfarrowinset=\dimen368
\pgfarrowlength=\dimen369
\pgfarrowwidth=\dimen370
\pgfarrowlinewidth=\dimen371
))) (/Users/robertjdellinger/Library/TinyTeX/texmf-dist/tex/generic/pgf/frontendlayer/tikz/libraries/tikzlibrarydecorations.pathmorphing.code.tex (/Users/robertjdellinger/Library/TinyTeX/texmf-dist/tex/generic/pgf/frontendlayer/tikz/libraries/tikzlibrarydecorations.code.tex (/Users/robertjdellinger/Library/TinyTeX/texmf-dist/tex/generic/pgf/modules/pgfmoduledecorations.code.tex
\pgfdecoratedcompleteddistance=\dimen372
\pgfdecoratedremainingdistance=\dimen373
\pgfdecoratedinputsegmentcompleteddistance=\dimen374
\pgfdecoratedinputsegmentremainingdistance=\dimen375
\pgf@decorate@distancetomove=\dimen376
\pgf@decorate@repeatstate=\count370
\pgfdecorationsegmentamplitude=\dimen377
\pgfdecorationsegmentlength=\dimen378
)
\tikz@lib@dec@box=\box85
) (/Users/robertjdellinger/Library/TinyTeX/texmf-dist/tex/generic/pgf/libraries/decorations/pgflibrarydecorations.pathmorphing.code.tex)) (/Users/robertjdellinger/Library/TinyTeX/texmf-dist/tex/latex/fancyvrb/fancyvrb.sty
Package: fancyvrb 2024/01/20 4.5c verbatim text (tvz,hv)
\FV@CodeLineNo=\count371
\FV@InFile=\read4
\FV@TabBox=\box86
\c@FancyVerbLine=\count372
\FV@StepNumber=\count373
\FV@OutFile=\write4
) (/Users/robertjdellinger/Library/TinyTeX/texmf-dist/tex/latex/framed/framed.sty
Package: framed 2011/10/22 v 0.96: framed or shaded text with page breaks
\OuterFrameSep=\skip143
\fb@frw=\dimen379
\fb@frh=\dimen380
\FrameRule=\dimen381
\FrameSep=\dimen382
) (/Users/robertjdellinger/Library/TinyTeX/texmf-dist/tex/latex/graphics/rotating.sty
Package: rotating 2025/01/14 v2.16e rotated objects in LaTeX
\c@r@tfl@t=\count374
\rotFPtop=\skip144
\rotFPbot=\skip145
\rot@float@box=\box87
\rot@mess@toks=\toks63
) (/Users/robertjdellinger/Library/TinyTeX/texmf-dist/tex/generic/chemfig/chemfig.sty (/Users/robertjdellinger/Library/TinyTeX/texmf-dist/tex/generic/chemfig/chemfig.tex (/Users/robertjdellinger/Library/TinyTeX/texmf-dist/tex/generic/simplekv/simplekv.tex
Package: simplekv 2025/06/15 v0.32 Simple keyval package (CT)
)
\CF_cnt_atomgroup=\count375
\CF_cnt_group=\count376
\CF_cnt_atom=\count377
\CF_cnt_cycle=\count378
\CF_cnt_cyclebonds=\count379
\CF_cnt_compound=\count380
\CF_dim=\dimen383
\CF_turnangle=\dimen384
\CF_arrowsize=\dimen385
\CF_zero=\dimen386
\CF_box=\box88
\CF_boxstuff=\box89
\CF_testbox=\box90
\CF_chargebox=\box91
\CF_substtoks=\toks64
)
Package: chemfig 2023/12/28 v1.66 Draw molecule with an easy syntax (CT)
) (/Users/robertjdellinger/Library/TinyTeX/texmf-dist/tex/latex/mhchem/mhchem.sty
Package: mhchem 2024/01/29 v4.10 for typesetting chemical formulae
(/Users/robertjdellinger/Library/TinyTeX/texmf-dist/tex/latex/l3packages/l3keys2e/l3keys2e.sty
Package: l3keys2e 2024-08-16 LaTeX2e option processing using LaTeX3 keys
) (/Users/robertjdellinger/Library/TinyTeX/texmf-dist/tex/latex/chemgreek/chemgreek.sty (/Users/robertjdellinger/Library/TinyTeX/texmf-dist/tex/latex/l3packages/xparse/xparse.sty
Package: xparse 2024-08-16 L3 Experimental document command parser
)
Package: chemgreek 2020/01/16 v1.1a interface for upright Greek letters for use in chemistry (CN)
\l__chemgreek_tmpa_int=\count381
\g__chemgreek_tmpa_int=\count382
)
\l__mhchem_ce_distanceFromLastComma_int=\count383
\__mhchem_arrow_extPgfLength_skip=\skip146
\mhchem@minispace@tmp=\skip147
\mhchem@minibackspace@tmp=\skip148
\mhchem@bondwidth=\skip149
\mhchem@bondheight=\skip150
\mhchem@smallbondwidth@tmpA=\skip151
\mhchem@smallbondwidth@tmpB=\skip152
\mhchem@smallbondwidth=\skip153
\mhchem@bondtmp@minussidebearingleft=\skip154
\mhchem@bondtmp@minussidebearingright=\skip155
\l__mhchem_option_version_int=\count384
\mhchem@option@minusmathsidebearingleft=\dimen387
\mhchem@option@minusmathsidebearingright=\dimen388
\mhchem@option@minustextsidebearingleft=\dimen389
\mhchem@option@minustextsidebearingright=\dimen390
)
LaTeX Font Info:    Trying to load font information for OT1+lmr on input line 237.
(/Users/robertjdellinger/Library/TinyTeX/texmf-dist/tex/latex/lm/ot1lmr.fd
File: ot1lmr.fd 2015/05/01 v1.6.1 Font defs for Latin Modern
) (./thesis.aux)
\openout1 = `thesis.aux'.

LaTeX Font Info:    Checking defaults for OML/cmm/m/it on input line 237.
LaTeX Font Info:    ... okay on input line 237.
LaTeX Font Info:    Checking defaults for OMS/cmsy/m/n on input line 237.
LaTeX Font Info:    ... okay on input line 237.
LaTeX Font Info:    Checking defaults for OT1/cmr/m/n on input line 237.
LaTeX Font Info:    ... okay on input line 237.
LaTeX Font Info:    Checking defaults for T1/cmr/m/n on input line 237.
LaTeX Font Info:    ... okay on input line 237.
LaTeX Font Info:    Checking defaults for TS1/cmr/m/n on input line 237.
LaTeX Font Info:    ... okay on input line 237.
LaTeX Font Info:    Checking defaults for OMX/cmex/m/n on input line 237.
LaTeX Font Info:    ... okay on input line 237.
LaTeX Font Info:    Checking defaults for U/cmr/m/n on input line 237.
LaTeX Font Info:    ... okay on input line 237.
LaTeX Font Info:    Checking defaults for PD1/pdf/m/n on input line 237.
LaTeX Font Info:    ... okay on input line 237.
LaTeX Font Info:    Checking defaults for PU/pdf/m/n on input line 237.
LaTeX Font Info:    ... okay on input line 237.
*geometry* driver: auto-detecting
*geometry* detected driver: pdftex
*geometry* verbose mode - [ preamble ] result:
* driver: pdftex
* paper: letterpaper
* layout: <same size as paper>
* layoutoffset:(h,v)=(0.0pt,0.0pt)
* modes: 
* h-part:(L,W,R)=(72.26999pt, 469.75502pt, 72.26999pt)
* v-part:(T,H,B)=(72.26999pt, 650.43001pt, 72.26999pt)
* \paperwidth=614.295pt
* \paperheight=794.96999pt
* \textwidth=469.75502pt
* \textheight=650.43001pt
* \oddsidemargin=0.0pt
* \evensidemargin=0.0pt
* \topmargin=-31.8738pt
* \headheight=1.0pt
* \headsep=19.8738pt
* \topskip=12.0pt
* \footskip=30.0pt
* \marginparwidth=47.0pt
* \marginparsep=7.0pt
* \columnsep=10.0pt
* \skip\footins=10.8pt plus 4.0pt minus 2.0pt
* \hoffset=0.0pt
* \voffset=0.0pt
* \mag=1000
* \@twocolumnfalse
* \@twosidefalse
* \@mparswitchfalse
* \@reversemarginfalse
* (1in=72.27pt=25.4mm, 1cm=28.453pt)

Package microtype Info: Patching varwidth to enable character protrusion.
\MT@vwid@leftmargin=\dimen391
\MT@vwid@rightmargin=\dimen392
LaTeX Info: Redefining \microtypecontext on input line 237.
Package microtype Info: Applying patch `item' on input line 237.
Package microtype Info: Applying patch `toc' on input line 237.
Package microtype Info: Applying patch `eqnum' on input line 237.

Package microtype Warning: Unable to apply patch `footnote' on input line 237.

Package microtype Info: Applying patch `verbatim' on input line 237.
LaTeX Info: Redefining \microtypesetup on input line 237.
Package microtype Info: Generating PDF output.
Package microtype Info: Character protrusion enabled (level 2).
Package microtype Info: Using default protrusion set `alltext'.
Package microtype Info: Automatic font expansion enabled (level 2),
(microtype)             stretch: 20, shrink: 20, step: 1, non-selected.
Package microtype Info: Using default expansion set `alltext-nott'.
Package microtype Info: Patching command `\showhyphens'.
Package microtype Info: No adjustment of tracking.
Package microtype Info: No adjustment of interword spacing.
Package microtype Info: No adjustment of character kerning.
(/Users/robertjdellinger/Library/TinyTeX/texmf-dist/tex/latex/microtype/mt-cmr.cfg
File: mt-cmr.cfg 2013/05/19 v2.2 microtype config. file: Computer Modern Roman (RS)
) (/Users/robertjdellinger/Library/TinyTeX/texmf-dist/tex/context/base/mkii/supp-pdf.mkii
[Loading MPS to PDF converter (version 2006.09.02).]
\scratchcounter=\count385
\scratchdimen=\dimen393
\scratchbox=\box92
\nofMPsegments=\count386
\nofMParguments=\count387
\everyMPshowfont=\toks65
\MPscratchCnt=\count388
\MPscratchDim=\dimen394
\MPnumerator=\count389
\makeMPintoPDFobject=\count390
\everyMPtoPDFconversion=\toks66
) (/Users/robertjdellinger/Library/TinyTeX/texmf-dist/tex/latex/epstopdf-pkg/epstopdf-base.sty
Package: epstopdf-base 2020-01-24 v2.11 Base part for package epstopdf
Package epstopdf-base Info: Redefining graphics rule for `.eps' on input line 485.
(/Users/robertjdellinger/Library/TinyTeX/texmf-dist/tex/latex/latexconfig/epstopdf-sys.cfg
File: epstopdf-sys.cfg 2010/07/13 v1.3 Configuration of (r)epstopdf for TeX Live
)) (/Users/robertjdellinger/Library/TinyTeX/texmf-dist/tex/latex/pdflscape/pdflscape.sty
Package: pdflscape 2025-06-23 v0.14 Display of landscape pages in PDF
(/Users/robertjdellinger/Library/TinyTeX/texmf-dist/tex/latex/pdflscape/pdflscape-nometadata.sty
Package: pdflscape-nometadata 2025-06-23 v0.14 Display of landscape pages in PDF (HO)
(/Users/robertjdellinger/Library/TinyTeX/texmf-dist/tex/latex/graphics/lscape.sty
Package: lscape 2020/05/28 v3.02 Landscape Pages (DPC)
)
Package pdflscape Info: Auto-detected driver: pdftex on input line 81.
))
Package caption Info: Begin \AtBeginDocument code.
Package caption Info: float package is loaded.
Package caption Info: hyperref package is loaded.
Package caption Info: longtable package is loaded.
(/Users/robertjdellinger/Library/TinyTeX/texmf-dist/tex/latex/caption/ltcaption.sty
Package: ltcaption 2021/01/08 v1.4c longtable captions (AR)
)
Package caption Info: rotating package is loaded.
Package caption Info: End \AtBeginDocument code.
Package newfloat Info: `float' package detected.
Package newfloat Info: `rotating' package detected.
Package hyperref Info: Link coloring ON on input line 237.
(./thesis.out) (./thesis.out)
\@outlinefile=\write5
\openout5 = `thesis.out'.


Package chemgreek Info: Activating mapping `default' on line 237.



[1



{/Users/robertjdellinger/Library/TinyTeX/texmf-var/fonts/map/pdftex/updmap/pdftex.map}{/Users/robertjdellinger/Library/TinyTeX/texmf-dist/fonts/enc/dvips/lm/lm-rm.enc}]
LaTeX Font Info:    Trying to load font information for TS1+lmr on input line 265.
(/Users/robertjdellinger/Library/TinyTeX/texmf-dist/tex/latex/lm/ts1lmr.fd
File: ts1lmr.fd 2015/05/01 v1.6.1 Font defs for Latin Modern
)
LaTeX Font Info:    Trying to load font information for OML+lmm on input line 265.
(/Users/robertjdellinger/Library/TinyTeX/texmf-dist/tex/latex/lm/omllmm.fd
File: omllmm.fd 2015/05/01 v1.6.1 Font defs for Latin Modern
)
LaTeX Font Info:    Trying to load font information for OMS+lmsy on input line 265.
(/Users/robertjdellinger/Library/TinyTeX/texmf-dist/tex/latex/lm/omslmsy.fd
File: omslmsy.fd 2015/05/01 v1.6.1 Font defs for Latin Modern
)
LaTeX Font Info:    Trying to load font information for OMX+lmex on input line 265.
(/Users/robertjdellinger/Library/TinyTeX/texmf-dist/tex/latex/lm/omxlmex.fd
File: omxlmex.fd 2015/05/01 v1.6.1 Font defs for Latin Modern
)
LaTeX Font Info:    External font `lmex10' loaded for size
(Font)              <10.95> on input line 265.
LaTeX Font Info:    External font `lmex10' loaded for size
(Font)              <8> on input line 265.
LaTeX Font Info:    External font `lmex10' loaded for size
(Font)              <6> on input line 265.
(/Users/robertjdellinger/Library/TinyTeX/texmf-dist/tex/latex/microtype/mt-msa.cfg
File: mt-msa.cfg 2006/02/04 v1.1 microtype config. file: AMS symbols (a) (RS)
) (/Users/robertjdellinger/Library/TinyTeX/texmf-dist/tex/latex/microtype/mt-msb.cfg
File: mt-msb.cfg 2005/06/01 v1.0 microtype config. file: AMS symbols (b) (RS)
)
LaTeX Font Info:    Trying to load font information for U+rsfs on input line 265.
(/Users/robertjdellinger/Library/TinyTeX/texmf-dist/tex/latex/jknapltx/ursfs.fd
File: ursfs.fd 1998/03/24 rsfs font definition file (jk)
)
LaTeX Font Info:    Trying to load font information for OT1+ptm on input line 265.
(/Users/robertjdellinger/Library/TinyTeX/texmf-dist/tex/latex/psnfss/ot1ptm.fd
File: ot1ptm.fd 2001/06/04 font definitions for OT1/ptm.
)
LaTeX Font Info:    Font shape `OT1/ptm/bx/n' in size <10.95> not available
(Font)              Font shape `OT1/ptm/b/n' tried instead on input line 265.
(/Users/robertjdellinger/Library/TinyTeX/texmf-dist/tex/latex/microtype/mt-ptm.cfg
File: mt-ptm.cfg 2006/04/20 v1.7 microtype config. file: Times (RS)
)
LaTeX Font Info:    Font shape `OT1/ptm/bx/n' in size <8> not available
(Font)              Font shape `OT1/ptm/b/n' tried instead on input line 265.
LaTeX Font Info:    Font shape `OT1/ptm/bx/n' in size <6> not available
(Font)              Font shape `OT1/ptm/b/n' tried instead on input line 265.
LaTeX Font Info:    Trying to load font information for U+lasy on input line 265.
(/Users/robertjdellinger/Library/TinyTeX/texmf-dist/tex/latex/base/ulasy.fd
File: ulasy.fd 1998/08/17 v2.2e LaTeX symbol font definitions
)

[2


{/Users/robertjdellinger/Library/TinyTeX/texmf-dist/fonts/enc/dvips/lm/lm-ts1.enc}{/Users/robertjdellinger/Library/TinyTeX/texmf-dist/fonts/enc/dvips/lm/lm-mathit.enc}]
LaTeX Font Info:    External font `lmex10' loaded for size
(Font)              <12> on input line 266.
LaTeX Font Info:    External font `lmex10' loaded for size
(Font)              <9> on input line 266.
LaTeX Font Info:    External font `lmex10' loaded for size
(Font)              <7> on input line 266.
LaTeX Font Info:    Font shape `OT1/ptm/bx/n' in size <12> not available
(Font)              Font shape `OT1/ptm/b/n' tried instead on input line 266.
LaTeX Font Info:    Font shape `OT1/ptm/bx/n' in size <9> not available
(Font)              Font shape `OT1/ptm/b/n' tried instead on input line 266.
LaTeX Font Info:    Font shape `OT1/ptm/bx/n' in size <7> not available
(Font)              Font shape `OT1/ptm/b/n' tried instead on input line 266.


[3


]

[4


]

[5


]

[6]

[7] (./thesis.toc

[8


])
\tf@toc=\write6
\openout6 = `thesis.toc'.



[9] (./thesis.lof)
\tf@lof=\write7
\openout7 = `thesis.lof'.



[10


] (./thesis.lot)
\tf@lot=\write8
\openout8 = `thesis.lot'.



[11


]

[12


{/Users/robertjdellinger/Library/TinyTeX/texmf-dist/fonts/enc/dvips/lm/lm-mathsy.enc}]

[13


]

[14]

[1

]

[2]

[3]

[4{/Users/robertjdellinger/Library/TinyTeX/texmf-dist/fonts/enc/dvips/lm/lm-mathex.enc}]

[5]

[6]

[7]

[8]

[9]

[10]
</Users/robertjdellinger/Documents/Github/CSUN-masters-thesis/figures/chapter1/Fig_1_1_Atmospheric_CO2.png, id=340, 728.7225pt x 489.83pt>
File: /Users/robertjdellinger/Documents/Github/CSUN-masters-thesis/figures/chapter1/Fig_1_1_Atmospheric_CO2.png Graphic file (type png)
<use /Users/robertjdellinger/Documents/Github/CSUN-masters-thesis/figures/chapter1/Fig_1_1_Atmospheric_CO2.png>
Package pdftex.def Info: /Users/robertjdellinger/Documents/Github/CSUN-masters-thesis/figures/chapter1/Fig_1_1_Atmospheric_CO2.png  used on input line 523.
(pdftex.def)             Requested size: 469.75502pt x 315.7548pt.


[11 </Users/robertjdellinger/Documents/Github/CSUN-masters-thesis/figures/chapter1/Fig_1_1_Atmospheric_CO2.png>]

[12]

[13]

[14]

[15]

[16]
</Users/robertjdellinger/Documents/Github/CSUN-masters-thesis/figures/chapter1/Fig_1_2_TPC_Conceptual_Diagram.png, id=381, 459.7175pt x 344.28625pt>
File: /Users/robertjdellinger/Documents/Github/CSUN-masters-thesis/figures/chapter1/Fig_1_2_TPC_Conceptual_Diagram.png Graphic file (type png)
<use /Users/robertjdellinger/Documents/Github/CSUN-masters-thesis/figures/chapter1/Fig_1_2_TPC_Conceptual_Diagram.png>
Package pdftex.def Info: /Users/robertjdellinger/Documents/Github/CSUN-masters-thesis/figures/chapter1/Fig_1_2_TPC_Conceptual_Diagram.png  used on input line 590.
(pdftex.def)             Requested size: 422.77664pt x 316.63686pt.


[17]

[18 </Users/robertjdellinger/Documents/Github/CSUN-masters-thesis/figures/chapter1/Fig_1_2_TPC_Conceptual_Diagram.png>]

Package hyperref Warning: The anchor of a bookmark and its parent's must not
(hyperref)                be the same. Added a new anchor on input line 601.



[19

]

[20]

[21]

[22]

[23]
</Users/robertjdellinger/Documents/Github/CSUN-masters-thesis/figures/chapter2/Fig_2_1_TPC_Hypothesis_Schematic.png, id=416, 459.7175pt x 344.28625pt>
File: /Users/robertjdellinger/Documents/Github/CSUN-masters-thesis/figures/chapter2/Fig_2_1_TPC_Hypothesis_Schematic.png Graphic file (type png)
<use /Users/robertjdellinger/Documents/Github/CSUN-masters-thesis/figures/chapter2/Fig_2_1_TPC_Hypothesis_Schematic.png>
Package pdftex.def Info: /Users/robertjdellinger/Documents/Github/CSUN-masters-thesis/figures/chapter2/Fig_2_1_TPC_Hypothesis_Schematic.png  used on input line 621.
(pdftex.def)             Requested size: 422.77664pt x 316.63686pt.

Package hyperref Warning: The anchor of a bookmark and its parent's must not
(hyperref)                be the same. Added a new anchor on input line 630.



[24 </Users/robertjdellinger/Documents/Github/CSUN-masters-thesis/figures/chapter2/Fig_2_1_TPC_Hypothesis_Schematic.png>]

[25]
</Users/robertjdellinger/Documents/Github/CSUN-masters-thesis/figures/chapter2/Fig_2_2_Study_Site_Map.png, id=428, 459.7175pt x 317.185pt>
File: /Users/robertjdellinger/Documents/Github/CSUN-masters-thesis/figures/chapter2/Fig_2_2_Study_Site_Map.png Graphic file (type png)
<use /Users/robertjdellinger/Documents/Github/CSUN-masters-thesis/figures/chapter2/Fig_2_2_Study_Site_Map.png>
Package pdftex.def Info: /Users/robertjdellinger/Documents/Github/CSUN-masters-thesis/figures/chapter2/Fig_2_2_Study_Site_Map.png  used on input line 643.
(pdftex.def)             Requested size: 451.6875pt x 311.66193pt.
LaTeX Font Info:    Trying to load font information for OT1+lmtt on input line 644.
(/Users/robertjdellinger/Library/TinyTeX/texmf-dist/tex/latex/lm/ot1lmtt.fd
File: ot1lmtt.fd 2015/05/01 v1.6.1 Font defs for Latin Modern
)
Package microtype Info: Loading generic protrusion settings for font family
(microtype)             `lmtt' (encoding: OT1).
(microtype)             For optimal results, create family-specific settings.
(microtype)             See the microtype manual for details.


[26]

[27{/Users/robertjdellinger/Library/TinyTeX/texmf-dist/fonts/enc/dvips/lm/lm-rmtt.enc} </Users/robertjdellinger/Documents/Github/CSUN-masters-thesis/figures/chapter2/Fig_2_2_Study_Site_Map.png>]

[28]

[29]

[30]

[31]

[32]

[33]

[34]

[35]

Package hyperref Warning: The anchor of a bookmark and its parent's must not
(hyperref)                be the same. Added a new anchor on input line 742.

</Users/robertjdellinger/Documents/Github/CSUN-masters-thesis/figures/chapter2/Fig_2_3_Mesocosm_Tank_Treatments.png, id=480, 459.7175pt x 254.9525pt>
File: /Users/robertjdellinger/Documents/Github/CSUN-masters-thesis/figures/chapter2/Fig_2_3_Mesocosm_Tank_Treatments.png Graphic file (type png)
<use /Users/robertjdellinger/Documents/Github/CSUN-masters-thesis/figures/chapter2/Fig_2_3_Mesocosm_Tank_Treatments.png>
Package pdftex.def Info: /Users/robertjdellinger/Documents/Github/CSUN-masters-thesis/figures/chapter2/Fig_2_3_Mesocosm_Tank_Treatments.png  used on input line 746.
(pdftex.def)             Requested size: 361.34999pt x 200.41045pt.


[36]

[37 </Users/robertjdellinger/Documents/Github/CSUN-masters-thesis/figures/chapter2/Fig_2_3_Mesocosm_Tank_Treatments.png>]
</Users/robertjdellinger/Documents/Github/CSUN-masters-thesis/figures/chapter2/Fig_2_4_TPC_Comparative.png, id=490, 459.7175pt x 287.0725pt>
File: /Users/robertjdellinger/Documents/Github/CSUN-masters-thesis/figures/chapter2/Fig_2_4_TPC_Comparative.png Graphic file (type png)
<use /Users/robertjdellinger/Documents/Github/CSUN-masters-thesis/figures/chapter2/Fig_2_4_TPC_Comparative.png>
Package pdftex.def Info: /Users/robertjdellinger/Documents/Github/CSUN-masters-thesis/figures/chapter2/Fig_2_4_TPC_Comparative.png  used on input line 760.
(pdftex.def)             Requested size: 361.34999pt x 225.65903pt.


[38 </Users/robertjdellinger/Documents/Github/CSUN-masters-thesis/figures/chapter2/Fig_2_4_TPC_Comparative.png>]
</Users/robertjdellinger/Documents/Github/CSUN-masters-thesis/figures/chapter2/Fig_2_5_TPC_Parameter_Estimates.png, id=496, 459.7175pt x 306.14375pt>
File: /Users/robertjdellinger/Documents/Github/CSUN-masters-thesis/figures/chapter2/Fig_2_5_TPC_Parameter_Estimates.png Graphic file (type png)
<use /Users/robertjdellinger/Documents/Github/CSUN-masters-thesis/figures/chapter2/Fig_2_5_TPC_Parameter_Estimates.png>
Package pdftex.def Info: /Users/robertjdellinger/Documents/Github/CSUN-masters-thesis/figures/chapter2/Fig_2_5_TPC_Parameter_Estimates.png  used on input line 769.
(pdftex.def)             Requested size: 361.34999pt x 240.65036pt.


[39]
</Users/robertjdellinger/Documents/Github/CSUN-masters-thesis/figures/chapter2/Fig_2_6_SST_Distribution.png, id=501, 459.7175pt x 344.28625pt>
File: /Users/robertjdellinger/Documents/Github/CSUN-masters-thesis/figures/chapter2/Fig_2_6_SST_Distribution.png Graphic file (type png)
<use /Users/robertjdellinger/Documents/Github/CSUN-masters-thesis/figures/chapter2/Fig_2_6_SST_Distribution.png>
Package pdftex.def Info: /Users/robertjdellinger/Documents/Github/CSUN-masters-thesis/figures/chapter2/Fig_2_6_SST_Distribution.png  used on input line 779.
(pdftex.def)             Requested size: 361.34999pt x 270.63303pt.


[40 </Users/robertjdellinger/Documents/Github/CSUN-masters-thesis/figures/chapter2/Fig_2_5_TPC_Parameter_Estimates.png>]
</Users/robertjdellinger/Documents/Github/CSUN-masters-thesis/figures/chapter2/Fig_2_7_Energetic_Expenditure.png, id=507, 391.4625pt x 423.5825pt>
File: /Users/robertjdellinger/Documents/Github/CSUN-masters-thesis/figures/chapter2/Fig_2_7_Energetic_Expenditure.png Graphic file (type png)
<use /Users/robertjdellinger/Documents/Github/CSUN-masters-thesis/figures/chapter2/Fig_2_7_Energetic_Expenditure.png>
Package pdftex.def Info: /Users/robertjdellinger/Documents/Github/CSUN-masters-thesis/figures/chapter2/Fig_2_7_Energetic_Expenditure.png  used on input line 791.
(pdftex.def)             Requested size: 361.34999pt x 391.01915pt.


[41 </Users/robertjdellinger/Documents/Github/CSUN-masters-thesis/figures/chapter2/Fig_2_6_SST_Distribution.png>]

[42 </Users/robertjdellinger/Documents/Github/CSUN-masters-thesis/figures/chapter2/Fig_2_7_Energetic_Expenditure.png>]

[43]

[44]

[45]

[46]

[47]

[48]

[49

]

[50]

[51]

[52]

[53]

[54]

[55]

[56]

[57]

[58]

[59]

[60]

[61]

[62]

[63]

[64]

[65]

[66]

[67]

[68]
Overfull \hbox (2.00342pt too wide) in paragraph at lines 1603--1604
 \OT1/lmr/m/n/10.95 (-20) brown al-gae. \OT1/lmr/m/it/10.95 (-20) Eco-log-i-cal Mono-graphs\OT1/lmr/m/n/10.95 (-20) , \OT1/lmr/m/it/10.95 (-20) 55\OT1/lmr/m/n/10.95 (-20) (3), 333--349. [][]$\OT1/lmtt/m/n/10.95 https : / / doi . org / 10 . 2307 / 1942581$[][] 
 []



[69]

[70]

[71]

[72]
<figures/appendix/Appendix_1_SST_pH.png, id=909, 467.7475pt x 165.61874pt>
File: figures/appendix/Appendix_1_SST_pH.png Graphic file (type png)
<use figures/appendix/Appendix_1_SST_pH.png>
Package pdftex.def Info: figures/appendix/Appendix_1_SST_pH.png  used on input line 1722.
(pdftex.def)             Requested size: 361.34999pt x 127.95137pt.


[73

 <./figures/appendix/Appendix_1_SST_pH.png>]
<figures/appendix/Appendix_2_Mesocosm_Table.png, id=915, 469.755pt x 456.70625pt>
File: figures/appendix/Appendix_2_Mesocosm_Table.png Graphic file (type png)
<use figures/appendix/Appendix_2_Mesocosm_Table.png>
Package pdftex.def Info: figures/appendix/Appendix_2_Mesocosm_Table.png  used on input line 1736.
(pdftex.def)             Requested size: 397.48499pt x 386.446pt.
<figures/appendix/Appendix_3_ttest_pH.png, id=916, 469.755pt x 114.4275pt>
File: figures/appendix/Appendix_3_ttest_pH.png Graphic file (type png)
<use figures/appendix/Appendix_3_ttest_pH.png>
Package pdftex.def Info: figures/appendix/Appendix_3_ttest_pH.png  used on input line 1743.
(pdftex.def)             Requested size: 433.62pt x 105.62552pt.


[74

 <./figures/appendix/Appendix_2_Mesocosm_Table.png>]

[75 <./figures/appendix/Appendix_3_ttest_pH.png>]
<figures/appendix/Appendix_4_Mesocosm_ANOVA_Temp.png, id=927, 459.7175pt x 164.615pt>
File: figures/appendix/Appendix_4_Mesocosm_ANOVA_Temp.png Graphic file (type png)
<use figures/appendix/Appendix_4_Mesocosm_ANOVA_Temp.png>
Package pdftex.def Info: figures/appendix/Appendix_4_Mesocosm_ANOVA_Temp.png  used on input line 1752.
(pdftex.def)             Requested size: 361.34999pt x 129.39888pt.


[76 <./figures/appendix/Appendix_4_Mesocosm_ANOVA_Temp.png>]
<figures/appendix/Appendix_5_Model_Selection.png, id=933, 466.74374pt x 290.08376pt>
File: figures/appendix/Appendix_5_Model_Selection.png Graphic file (type png)
<use figures/appendix/Appendix_5_Model_Selection.png>
Package pdftex.def Info: figures/appendix/Appendix_5_Model_Selection.png  used on input line 1761.
(pdftex.def)             Requested size: 361.34999pt x 224.59126pt.


[77 <./figures/appendix/Appendix_5_Model_Selection.png>]
<figures/appendix/Appendix_6_Joule_ANOVA.png, id=940, 459.7175pt x 166.6225pt>
File: figures/appendix/Appendix_6_Joule_ANOVA.png Graphic file (type png)
<use figures/appendix/Appendix_6_Joule_ANOVA.png>
Package pdftex.def Info: figures/appendix/Appendix_6_Joule_ANOVA.png  used on input line 1770.
(pdftex.def)             Requested size: 361.34999pt x 130.97691pt.


[78 <./figures/appendix/Appendix_6_Joule_ANOVA.png>]
<figures/appendix/Appendix_7_J_Table.png, id=946, 459.7175pt x 185.69376pt>
File: figures/appendix/Appendix_7_J_Table.png Graphic file (type png)
<use figures/appendix/Appendix_7_J_Table.png>
Package pdftex.def Info: figures/appendix/Appendix_7_J_Table.png  used on input line 1779.
(pdftex.def)             Requested size: 361.34999pt x 145.96825pt.


[79 <./figures/appendix/Appendix_7_J_Table.png>] (./thesis.aux)
 ***********
LaTeX2e <2025-06-01> patch level 1
L3 programming layer <2025-07-11>
 ***********
Package rerunfilecheck Info: File `thesis.out' has not changed.
(rerunfilecheck)             Checksum: C8AC2AC90BC0C9C6EEBC33127A5F6A91;8954.
 )
(\end occurred inside a group at level 4)

### semi simple group (level 4) entered at line 1707 (\begingroup)
### semi simple group (level 3) entered at line 828 (\begingroup)
### semi simple group (level 2) entered at line 449 (\begingroup)
### semi simple group (level 1) entered at line 241 (\begingroup)
### bottom level 
Here is how much of TeX's memory you used:
 33968 strings out of 467816
 655685 string characters out of 5423922
 1089209 words of memory out of 5000000
 61481 multiletter control sequences out of 15000+600000
 691080 words of font info for 265 fonts, out of 8000000 for 9000
 1141 hyphenation exceptions out of 8191
 88i,15n,103p,3249b,909s stack positions out of 10000i,1000n,20000p,200000b,200000s
</Users/robertjdellinger/Library/TinyTeX/texmf-dist/fonts/type1/public/lm/lmbx10.pfb></Users/robertjdellinger/Library/TinyTeX/texmf-dist/fonts/type1/public/lm/lmbx12.pfb></Users/robertjdellinger/Library/TinyTeX/texmf-dist/fonts/type1/public/lm/lmex10.pfb></Users/robertjdellinger/Library/TinyTeX/texmf-dist/fonts/type1/public/lm/lmmi10.pfb></Users/robertjdellinger/Library/TinyTeX/texmf-dist/fonts/type1/public/lm/lmmi12.pfb></Users/robertjdellinger/Library/TinyTeX/texmf-dist/fonts/type1/public/lm/lmmi7.pfb></Users/robertjdellinger/Library/TinyTeX/texmf-dist/fonts/type1/public/lm/lmmi8.pfb></Users/robertjdellinger/Library/TinyTeX/texmf-dist/fonts/type1/public/lm/lmmi9.pfb></Users/robertjdellinger/Library/TinyTeX/texmf-dist/fonts/type1/public/lm/lmr10.pfb></Users/robertjdellinger/Library/TinyTeX/texmf-dist/fonts/type1/public/lm/lmr12.pfb></Users/robertjdellinger/Library/TinyTeX/texmf-dist/fonts/type1/public/lm/lmr7.pfb></Users/robertjdellinger/Library/TinyTeX/texmf-dist/fonts/type1/public/lm/lmr8.pfb></Users/robertjdellinger/Library/TinyTeX/texmf-dist/fonts/type1/public/lm/lmr9.pfb></Users/robertjdellinger/Library/TinyTeX/texmf-dist/fonts/type1/public/lm/lmri10.pfb></Users/robertjdellinger/Library/TinyTeX/texmf-dist/fonts/type1/public/lm/lmri12.pfb></Users/robertjdellinger/Library/TinyTeX/texmf-dist/fonts/type1/public/lm/lmsy10.pfb></Users/robertjdellinger/Library/TinyTeX/texmf-dist/fonts/type1/public/lm/lmsy7.pfb></Users/robertjdellinger/Library/TinyTeX/texmf-dist/fonts/type1/public/lm/lmsy8.pfb></Users/robertjdellinger/Library/TinyTeX/texmf-dist/fonts/type1/public/lm/lmsy9.pfb></Users/robertjdellinger/Library/TinyTeX/texmf-dist/fonts/type1/public/lm/lmtt10.pfb></Users/robertjdellinger/Library/TinyTeX/texmf-dist/fonts/type1/public/lm/lmtt12.pfb>
Output written on thesis.pdf (93 pages, 2178342 bytes).
PDF statistics:
 1089 PDF objects out of 1200 (max. 8388607)
 907 compressed objects within 10 object streams
 147 named destinations out of 1000 (max. 500000)
 34173 words of extra memory for PDF output out of 35830 (max. 10000000)

